<?xml version="1.0" encoding="UTF-8"?>
<testng-results skipped="0" failed="0" total="1" passed="1">
  <reporter-output>
  </reporter-output>
  <suite name="Default suite" duration-ms="329897" started-at="2018-07-06T11:02:57Z" finished-at="2018-07-06T11:08:27Z">
    <groups>
    </groups>
    <test name="Default test" duration-ms="329897" started-at="2018-07-06T11:02:57Z" finished-at="2018-07-06T11:08:27Z">
      <class name="TrendingTestCase">
        <test-method status="PASS" signature="trend_api()[pri:0, instance:TrendingTestCase@13a5fe33]" name="trend_api" duration-ms="329887" started-at="2018-07-06T16:32:57Z" finished-at="2018-07-06T16:38:27Z">
          <reporter-output>
          </reporter-output>
        </test-method> <!-- trend_api -->
      </class> <!-- TrendingTestCase -->
    </test> <!-- Default test -->
  </suite> <!-- Default suite -->
</testng-results>
